<?xml version="1.0" encoding="UTF-8"?>
<testsuite name="InvoiceServiceTest" tests="1" skipped="0" failures="0" errors="0" timestamp="2020-12-15T05:24:39" hostname="DESKTOP-J9DM2GE" time="0.002">
  <properties/>
  <testcase name="givenMultipleRides_ShouldReturnTotalFare" classname="InvoiceServiceTest" time="0.002"/>
  <system-out><![CDATA[]]></system-out>
  <system-err><![CDATA[]]></system-err>
</testsuite>
