<?xml version="1.0" encoding="UTF-8"?>
<testsuite name="InvoiceServiceTest" tests="1" skipped="0" failures="0" errors="0" timestamp="2020-12-15T09:32:37" hostname="DESKTOP-J9DM2GE" time="0.001">
  <properties/>
  <testcase name="givenDistanceTimeandTypeofRide_ShouldReturnMinFare" classname="InvoiceServiceTest" time="0.001"/>
  <system-out><![CDATA[]]></system-out>
  <system-err><![CDATA[]]></system-err>
</testsuite>
