<?xml version="1.0" encoding="UTF-8"?>
<testsuite name="InvoiceServiceTest" tests="1" skipped="0" failures="0" errors="0" timestamp="2020-12-14T05:22:06" hostname="DESKTOP-J9DM2GE" time="0.008">
  <properties/>
  <testcase name="givenDistanceandTimeshouldReturnTotalFare" classname="InvoiceServiceTest" time="0.008"/>
  <system-out><![CDATA[]]></system-out>
  <system-err><![CDATA[]]></system-err>
</testsuite>
